<?xml version="1.0" encoding="UTF-8"?>
<!-- Generated by org.testng.reporters.JUnitReportReporter -->
<testsuite hostname="LTIN518716" failures="0" tests="3" name="testRunner.TestRunner" time="142.542" errors="0" timestamp="2024-03-02T20:37:08 IST" skipped="0">
  <testcase classname="testRunner.TestRunner" name="runScenario" time="48.916"/>
  <testcase classname="testRunner.TestRunner" name="runScenario" time="75.067"/>
  <testcase classname="testRunner.TestRunner" name="runScenario" time="18.559"/>
</testsuite> <!-- testRunner.TestRunner -->
